execve("./gzip", ["./gzip", "AAAAAAAAAAAAAAAAAAAAAAAAAAAAAAAA"...], [/* 65 vars */]) = 0
uname({sys="Linux", node="ketian", ...}) = 0
brk(0)                                  = 0x8657000
brk(0x8657d40)                          = 0x8657d40
set_thread_area(0xffd128e0)             = 0
readlink("/proc/self/exe", "/home/ketian/Desktop/gzip-1.2.4/"..., 4096) = 36
brk(0x8678d40)                          = 0x8678d40
brk(0x8679000)                          = 0x8679000
access("/etc/ld.so.nohwcap", F_OK)      = -1 ENOENT (No such file or directory)
execve("/bin//sh", [], [/* 0 vars */])  = 0
brk(0)                                  = 0x7f7303b53000
access("/etc/ld.so.nohwcap", F_OK)      = -1 ENOENT (No such file or directory)
mmap(NULL, 8192, PROT_READ|PROT_WRITE, MAP_PRIVATE|MAP_ANONYMOUS, -1, 0) = 0x7f7303787000
access("/etc/ld.so.preload", R_OK)      = -1 ENOENT (No such file or directory)
open("/etc/ld.so.cache", O_RDONLY|O_CLOEXEC) = 3
fstat(3, {st_mode=S_IFREG|0644, st_size=140275, ...}) = 0
mmap(NULL, 140275, PROT_READ, MAP_PRIVATE, 3, 0) = 0x7f7303764000
close(3)                                = 0
access("/etc/ld.so.nohwcap", F_OK)      = -1 ENOENT (No such file or directory)
open("/lib/x86_64-linux-gnu/libc.so.6", O_RDONLY|O_CLOEXEC) = 3
read(3, "\177ELF\2\1\1\0\0\0\0\0\0\0\0\0\3\0>\0\1\0\0\0P \2\0\0\0\0\0"..., 832) = 832
fstat(3, {st_mode=S_IFREG|0755, st_size=1840928, ...}) = 0
mmap(NULL, 3949248, PROT_READ|PROT_EXEC, MAP_PRIVATE|MAP_DENYWRITE, 3, 0) = 0x7f7302f84000
mprotect(0x7f730313e000, 2097152, PROT_NONE) = 0
mmap(0x7f730333e000, 24576, PROT_READ|PROT_WRITE, MAP_PRIVATE|MAP_FIXED|MAP_DENYWRITE, 3, 0x1ba000) = 0x7f730333e000
mmap(0x7f7303344000, 17088, PROT_READ|PROT_WRITE, MAP_PRIVATE|MAP_FIXED|MAP_ANONYMOUS, -1, 0) = 0x7f7303344000
close(3)                                = 0
mmap(NULL, 4096, PROT_READ|PROT_WRITE, MAP_PRIVATE|MAP_ANONYMOUS, -1, 0) = 0x7f7303763000
mmap(NULL, 8192, PROT_READ|PROT_WRITE, MAP_PRIVATE|MAP_ANONYMOUS, -1, 0) = 0x7f7303761000
arch_prctl(ARCH_SET_FS, 0x7f7303761740) = 0
mprotect(0x7f730333e000, 16384, PROT_READ) = 0
mprotect(0x7f7303789000, 8192, PROT_READ) = 0
mprotect(0x7f730356b000, 4096, PROT_READ) = 0
munmap(0x7f7303764000, 140275)          = 0
getpid()                                = 3802
rt_sigaction(SIGCHLD, {0x7f7303580460, ~[RTMIN RT_1], SA_RESTORER, 0x7f7302fbacb0}, NULL, 8) = 0
geteuid()                               = 1001
getppid()                               = 3799
brk(0)                                  = 0x7f7303b53000
brk(0x7f7303b74000)                     = 0x7f7303b74000
getcwd("/home/ketian/Desktop/gzip-1.2.4", 4096) = 32
ioctl(0, SNDCTL_TMR_TIMEBASE or SNDRV_TIMER_IOCTL_NEXT_DEVICE or TCGETS, {B38400 opost isig icanon echo ...}) = 0
ioctl(1, SNDCTL_TMR_TIMEBASE or SNDRV_TIMER_IOCTL_NEXT_DEVICE or TCGETS, {B38400 opost isig icanon echo ...}) = 0
rt_sigaction(SIGINT, NULL, {SIG_DFL, [], 0}, 8) = 0
rt_sigaction(SIGINT, {0x7f7303580460, ~[RTMIN RT_1], SA_RESTORER, 0x7f7302fbacb0}, NULL, 8) = 0
rt_sigaction(SIGQUIT, NULL, {SIG_DFL, [], 0}, 8) = 0
rt_sigaction(SIGQUIT, {SIG_IGN, ~[RTMIN RT_1], SA_RESTORER, 0x7f7302fbacb0}, NULL, 8) = 0
rt_sigaction(SIGTERM, NULL, {SIG_DFL, [], 0}, 8) = 0
rt_sigaction(SIGTERM, {SIG_IGN, ~[RTMIN RT_1], SA_RESTORER, 0x7f7302fbacb0}, NULL, 8) = 0
open("/dev/tty", O_RDWR)                = 3
fcntl(3, F_DUPFD, 10)                   = 10
close(3)                                = 0
fcntl(10, F_SETFD, FD_CLOEXEC)          = 0
ioctl(10, TIOCGPGRP, [3799])            = 0
getpgrp()                               = 3799
rt_sigaction(SIGTSTP, NULL, {SIG_DFL, [], 0}, 8) = 0
rt_sigaction(SIGTSTP, {SIG_IGN, ~[RTMIN RT_1], SA_RESTORER, 0x7f7302fbacb0}, NULL, 8) = 0
rt_sigaction(SIGTTOU, NULL, {SIG_DFL, [], 0}, 8) = 0
rt_sigaction(SIGTTOU, {SIG_IGN, ~[RTMIN RT_1], SA_RESTORER, 0x7f7302fbacb0}, NULL, 8) = 0
rt_sigaction(SIGTTIN, NULL, {SIG_DFL, [], 0}, 8) = 0
rt_sigaction(SIGTTIN, {SIG_DFL, ~[RTMIN RT_1], SA_RESTORER, 0x7f7302fbacb0}, NULL, 8) = 0
setpgid(0, 3802)                        = 0
ioctl(10, SNDRV_TIMER_IOCTL_SELECT or TIOCSPGRP, [3802]) = 0
wait4(-1, 0x7ffd7112233c, WNOHANG|WSTOPPED, NULL) = -1 ECHILD (No child processes)
write(2, "$ ", 2)                       = 2
read(0, "exit\n", 8192)                 = 5
ioctl(10, SNDRV_TIMER_IOCTL_SELECT or TIOCSPGRP, [3799]) = 0
setpgid(0, 3799)                        = 0
close(10)                               = 0
exit_group(0)                           = ?
+++ exited with 0 +++
